<?xml version="1.0" encoding="utf-8"?><testsuite errors="0" failures="0" name="pytest" skips="0" tests="3" time="2.909"><testcase classname="tests.test__concurrent_futures" file="tests/test__concurrent_futures.py" line="11" name="test_process_executor_runs_nested_function" time="0.006330013275146484"><system-out>
            {attachment}
            {attachment}
</system-out></testcase><testcase classname="tests.test__concurrent_futures2" file="tests/test__concurrent_futures.py" line="11" name="test_process_executor_runs_nested_function2" time="0.006330013275146484"><system-out/></testcase><testcase classname="tests.test__concurrent_futures3" file="tests/test__concurrent_futures.py" line="11" name="test_process_executor_runs_nested_function3" time="0.006330013275146484"></testcase></testsuite>
